<?xml version="1.0" encoding="UTF-8"?>
<testng-results skipped="0" failed="1" ignored="0" total="3" passed="2">
  <reporter-output>
  </reporter-output>
  <suite name="Default suite" duration-ms="11250" started-at="2020-08-30T11:36:37 EDT" finished-at="2020-08-30T11:36:49 EDT">
    <groups>
    </groups>
    <test name="Default test" duration-ms="11250" started-at="2020-08-30T11:36:37 EDT" finished-at="2020-08-30T11:36:49 EDT">
      <class name="com.syntax.class02.HardAssertionExample">
        <test-method status="PASS" signature="openBrowser()[pri:0, instance:com.syntax.class02.HardAssertionExample@131276c2]" name="openBrowser" is-config="true" duration-ms="3994" started-at="2020-08-30T11:36:37 EDT" finished-at="2020-08-30T11:36:41 EDT">
          <reporter-output>
          </reporter-output>
        </test-method> <!-- openBrowser -->
        <test-method status="FAIL" signature="allianceTextVerification()[pri:0, instance:com.syntax.class02.HardAssertionExample@131276c2]" name="allianceTextVerification" duration-ms="47" started-at="2020-08-30T11:36:41 EDT" finished-at="2020-08-30T11:36:42 EDT">
          <exception class="java.lang.AssertionError">
            <message>
              <![CDATA[Text on the Login Panel does not match expected [LOGIN Panels] but found [LOGIN Panel]]]>
            </message>
            <full-stacktrace>
              <![CDATA[java.lang.AssertionError: Text on the Login Panel does not match expected [LOGIN Panels] but found [LOGIN Panel]
at org.testng.Assert.fail(Assert.java:99)
at org.testng.Assert.failNotEquals(Assert.java:1037)
at org.testng.Assert.assertEqualsImpl(Assert.java:140)
at org.testng.Assert.assertEquals(Assert.java:122)
at org.testng.Assert.assertEquals(Assert.java:629)
at com.syntax.class02.HardAssertionExample.allianceTextVerification(HardAssertionExample.java:50)
at sun.reflect.NativeMethodAccessorImpl.invoke0(Native Method)
at sun.reflect.NativeMethodAccessorImpl.invoke(NativeMethodAccessorImpl.java:62)
at sun.reflect.DelegatingMethodAccessorImpl.invoke(DelegatingMethodAccessorImpl.java:43)
at java.lang.reflect.Method.invoke(Method.java:498)
at org.testng.internal.MethodInvocationHelper.invokeMethod(MethodInvocationHelper.java:132)
at org.testng.internal.TestInvoker.invokeMethod(TestInvoker.java:599)
at org.testng.internal.TestInvoker.invokeTestMethod(TestInvoker.java:174)
at org.testng.internal.MethodRunner.runInSequence(MethodRunner.java:46)
at org.testng.internal.TestInvoker$MethodInvocationAgent.invoke(TestInvoker.java:822)
at org.testng.internal.TestInvoker.invokeTestMethods(TestInvoker.java:147)
at org.testng.internal.TestMethodWorker.invokeTestMethods(TestMethodWorker.java:146)
at org.testng.internal.TestMethodWorker.run(TestMethodWorker.java:128)
at java.util.ArrayList.forEach(ArrayList.java:1257)
at org.testng.TestRunner.privateRun(TestRunner.java:764)
at org.testng.TestRunner.run(TestRunner.java:585)
at org.testng.SuiteRunner.runTest(SuiteRunner.java:384)
at org.testng.SuiteRunner.runSequentially(SuiteRunner.java:378)
at org.testng.SuiteRunner.privateRun(SuiteRunner.java:337)
at org.testng.SuiteRunner.run(SuiteRunner.java:286)
at org.testng.SuiteRunnerWorker.runSuite(SuiteRunnerWorker.java:53)
at org.testng.SuiteRunnerWorker.run(SuiteRunnerWorker.java:96)
at org.testng.TestNG.runSuitesSequentially(TestNG.java:1218)
at org.testng.TestNG.runSuitesLocally(TestNG.java:1140)
at org.testng.TestNG.runSuites(TestNG.java:1069)
at org.testng.TestNG.run(TestNG.java:1037)
at org.testng.remote.AbstractRemoteTestNG.run(AbstractRemoteTestNG.java:115)
at org.testng.remote.RemoteTestNG.initAndRun(RemoteTestNG.java:251)
at org.testng.remote.RemoteTestNG.main(RemoteTestNG.java:77)
]]>
            </full-stacktrace>
          </exception> <!-- java.lang.AssertionError -->
          <reporter-output>
          </reporter-output>
        </test-method> <!-- allianceTextVerification -->
        <test-method status="PASS" signature="closeBrowser()[pri:0, instance:com.syntax.class02.HardAssertionExample@131276c2]" name="closeBrowser" is-config="true" duration-ms="105" started-at="2020-08-30T11:36:42 EDT" finished-at="2020-08-30T11:36:42 EDT">
          <reporter-output>
          </reporter-output>
        </test-method> <!-- closeBrowser -->
        <test-method status="PASS" signature="openBrowser()[pri:0, instance:com.syntax.class02.HardAssertionExample@131276c2]" name="openBrowser" is-config="true" duration-ms="3080" started-at="2020-08-30T11:36:42 EDT" finished-at="2020-08-30T11:36:45 EDT">
          <reporter-output>
          </reporter-output>
        </test-method> <!-- openBrowser -->
        <test-method status="PASS" signature="logoValidation()[pri:0, instance:com.syntax.class02.HardAssertionExample@131276c2]" name="logoValidation" duration-ms="66" started-at="2020-08-30T11:36:45 EDT" finished-at="2020-08-30T11:36:45 EDT">
          <reporter-output>
          </reporter-output>
        </test-method> <!-- logoValidation -->
        <test-method status="PASS" signature="closeBrowser()[pri:0, instance:com.syntax.class02.HardAssertionExample@131276c2]" name="closeBrowser" is-config="true" duration-ms="109" started-at="2020-08-30T11:36:45 EDT" finished-at="2020-08-30T11:36:45 EDT">
          <reporter-output>
          </reporter-output>
        </test-method> <!-- closeBrowser -->
        <test-method status="PASS" signature="openBrowser()[pri:0, instance:com.syntax.class02.HardAssertionExample@131276c2]" name="openBrowser" is-config="true" duration-ms="3670" started-at="2020-08-30T11:36:45 EDT" finished-at="2020-08-30T11:36:49 EDT">
          <reporter-output>
          </reporter-output>
        </test-method> <!-- openBrowser -->
        <test-method status="PASS" signature="titleValidation()[pri:0, instance:com.syntax.class02.HardAssertionExample@131276c2]" name="titleValidation" duration-ms="7" started-at="2020-08-30T11:36:49 EDT" finished-at="2020-08-30T11:36:49 EDT">
          <reporter-output>
          </reporter-output>
        </test-method> <!-- titleValidation -->
        <test-method status="PASS" signature="closeBrowser()[pri:0, instance:com.syntax.class02.HardAssertionExample@131276c2]" name="closeBrowser" is-config="true" duration-ms="114" started-at="2020-08-30T11:36:49 EDT" finished-at="2020-08-30T11:36:49 EDT">
          <reporter-output>
          </reporter-output>
        </test-method> <!-- closeBrowser -->
      </class> <!-- com.syntax.class02.HardAssertionExample -->
    </test> <!-- Default test -->
  </suite> <!-- Default suite -->
</testng-results>
